Using pre-set license
Built from '2022.3/release' branch; Version is '2022.3.20f1 (61c2feb0970d) revision 6406910'; Using compiler version '192829333'; Build Type 'Release'
OS: 'Windows 10  (10.0.19045) 64bit Professional' Language: 'en' Physical Memory: 7985 MB
BatchMode: 1, IsHumanControllingUs: 0, StartBugReporterOnCrash: 0, Is64bit: 1, IsPro: 1

COMMAND LINE ARGUMENTS:
E:\2022.3.20f1\Editor\Unity.exe
-adb2
-batchMode
-noUpm
-name
AssetImportWorker0
-projectPath
E:/My project (9)
-logFile
Logs/AssetImportWorker0.log
-srvPort
65096
Successfully changed project path to: E:/My project (9)
E:/My project (9)
[UnityMemory] Configuration Parameters - Can be set up in boot.config
    "memorysetup-bucket-allocator-granularity=16"
    "memorysetup-bucket-allocator-bucket-count=8"
    "memorysetup-bucket-allocator-block-size=33554432"
    "memorysetup-bucket-allocator-block-count=8"
    "memorysetup-main-allocator-block-size=16777216"
    "memorysetup-thread-allocator-block-size=16777216"
    "memorysetup-gfx-main-allocator-block-size=16777216"
    "memorysetup-gfx-thread-allocator-block-size=16777216"
    "memorysetup-cache-allocator-block-size=4194304"
    "memorysetup-typetree-allocator-block-size=2097152"
    "memorysetup-profiler-bucket-allocator-granularity=16"
    "memorysetup-profiler-bucket-allocator-bucket-count=8"
    "memorysetup-profiler-bucket-allocator-block-size=33554432"
    "memorysetup-profiler-bucket-allocator-block-count=8"
    "memorysetup-profiler-allocator-block-size=16777216"
    "memorysetup-profiler-editor-allocator-block-size=1048576"
    "memorysetup-temp-allocator-size-main=16777216"
    "memorysetup-job-temp-allocator-block-size=2097152"
    "memorysetup-job-temp-allocator-block-size-background=1048576"
    "memorysetup-job-temp-allocator-reduction-small-platforms=262144"
    "memorysetup-allocator-temp-initial-block-size-main=262144"
    "memorysetup-allocator-temp-initial-block-size-worker=262144"
    "memorysetup-temp-allocator-size-background-worker=32768"
    "memorysetup-temp-allocator-size-job-worker=262144"
    "memorysetup-temp-allocator-size-preload-manager=33554432"
    "memorysetup-temp-allocator-size-nav-mesh-worker=65536"
    "memorysetup-temp-allocator-size-audio-worker=65536"
    "memorysetup-temp-allocator-size-cloud-worker=32768"
    "memorysetup-temp-allocator-size-gi-baking-worker=262144"
    "memorysetup-temp-allocator-size-gfx=262144"
Player connection [10860] Host "[IP] 192.168.56.1 [Port] 0 [Flags] 2 [Guid] 139723269 [EditorId] 139723269 [Version] 1048832 [Id] WindowsEditor(7,DESKTOP-DKKDQB6) [Debug] 1 [PackageName] WindowsEditor [ProjectName] Editor" joined multi-casting on [225.0.0.222:54997]...

Player connection [10860] Host "[IP] 192.168.56.1 [Port] 0 [Flags] 2 [Guid] 139723269 [EditorId] 139723269 [Version] 1048832 [Id] WindowsEditor(7,DESKTOP-DKKDQB6) [Debug] 1 [PackageName] WindowsEditor [ProjectName] Editor" joined alternative multi-casting on [225.0.0.222:34997]...

[Physics::Module] Initialized MultithreadedJobDispatcher with 7 workers.
Refreshing native plugins compatible for Editor in 245.16 ms, found 4 plugins.
Preloading 0 native plugins for Editor in 0.00 ms.
Initialize engine version: 2022.3.20f1 (61c2feb0970d)
[Subsystems] Discovering subsystems at path E:/2022.3.20f1/Editor/Data/Resources/UnitySubsystems
[Subsystems] Discovering subsystems at path E:/My project (9)/Assets
GfxDevice: creating device client; threaded=0; jobified=0
Direct3D:
    Version:  Direct3D 11.0 [level 11.1]
    Renderer: NVIDIA GeForce GTX 1650 (ID=0x1f99)
    Vendor:   NVIDIA
    VRAM:     3962 MB
    Driver:   30.0.15.1272
Initialize mono
Mono path[0] = 'E:/2022.3.20f1/Editor/Data/Managed'
Mono path[1] = 'E:/2022.3.20f1/Editor/Data/MonoBleedingEdge/lib/mono/unityjit-win32'
Mono config path = 'E:/2022.3.20f1/Editor/Data/MonoBleedingEdge/etc'
Using monoOptions --debugger-agent=transport=dt_socket,embedding=1,server=y,suspend=n,address=127.0.0.1:56060
Begin MonoManager ReloadAssembly
Registering precompiled unity dll's ...
Register platform support module: E:/2022.3.20f1/Editor/Data/PlaybackEngines/AndroidPlayer/UnityEditor.Android.Extensions.dll
Register platform support module: E:/2022.3.20f1/Editor/Data/PlaybackEngines/WindowsStandaloneSupport/UnityEditor.WindowsStandalone.Extensions.dll
Registered in 0.005324 seconds.
- Loaded All Assemblies, in  1.811 seconds
Native extension for WindowsStandalone target not found
Native extension for Android target not found
Android Extension - Scanning For ADB Devices 627 ms
Mono: successfully reloaded assembly
- Finished resetting the current domain, in  1.204 seconds
Domain Reload Profiling: 3016ms
	BeginReloadAssembly (211ms)
		ExecutionOrderSort (0ms)
		DisableScriptedObjects (0ms)
		BackupInstance (0ms)
		ReleaseScriptingObjects (0ms)
		CreateAndSetChildDomain (1ms)
	RebuildCommonClasses (449ms)
	RebuildNativeTypeToScriptingClass (16ms)
	initialDomainReloadingComplete (75ms)
	LoadAllAssembliesAndSetupDomain (1060ms)
		LoadAssemblies (211ms)
		RebuildTransferFunctionScriptingTraits (0ms)
		AnalyzeDomain (1055ms)
			TypeCache.Refresh (1053ms)
				TypeCache.ScanAssembly (702ms)
			ScanForSourceGeneratedMonoScriptInfo (0ms)
			ResolveRequiredComponents (1ms)
	FinalizeReload (1205ms)
		ReleaseScriptCaches (0ms)
		RebuildScriptCaches (0ms)
		SetupLoadedEditorAssemblies (1113ms)
			LogAssemblyErrors (0ms)
			InitializePlatformSupportModulesInManaged (827ms)
			SetLoadedEditorAssemblies (6ms)
			RefreshPlugins (0ms)
			BeforeProcessingInitializeOnLoad (4ms)
			ProcessInitializeOnLoadAttributes (187ms)
			ProcessInitializeOnLoadMethodAttributes (89ms)
			AfterProcessingInitializeOnLoad (0ms)
			EditorAssembliesLoaded (0ms)
		ExecutionOrderSort2 (0ms)
		AwakeInstancesAfterBackupRestoration (0ms)
========================================================================
Worker process is ready to serve import requests
Begin MonoManager ReloadAssembly
- Loaded All Assemblies, in  7.477 seconds
Refreshing native plugins compatible for Editor in 92.50 ms, found 4 plugins.
Native extension for WindowsStandalone target not found
Native extension for Android target not found
Package Manager log level set to [2]
[Package Manager] Server::EnsureServerProcessIsRunning -- launch failed, reason: Unity was launched with the -noUpm command-line argument
[Package Manager] UpmClient::Send -- Unable to send message (not connected to UPM process).
[Package Manager] Cannot connect to Unity Package Manager local server
Mono: successfully reloaded assembly
- Finished resetting the current domain, in  3.151 seconds
Domain Reload Profiling: 10633ms
	BeginReloadAssembly (549ms)
		ExecutionOrderSort (0ms)
		DisableScriptedObjects (22ms)
		BackupInstance (0ms)
		ReleaseScriptingObjects (0ms)
		CreateAndSetChildDomain (38ms)
	RebuildCommonClasses (62ms)
	RebuildNativeTypeToScriptingClass (17ms)
	initialDomainReloadingComplete (136ms)
	LoadAllAssembliesAndSetupDomain (6717ms)
		LoadAssemblies (6277ms)
		RebuildTransferFunctionScriptingTraits (0ms)
		AnalyzeDomain (845ms)
			TypeCache.Refresh (789ms)
				TypeCache.ScanAssembly (628ms)
			ScanForSourceGeneratedMonoScriptInfo (42ms)
			ResolveRequiredComponents (12ms)
	FinalizeReload (3152ms)
		ReleaseScriptCaches (0ms)
		RebuildScriptCaches (0ms)
		SetupLoadedEditorAssemblies (2758ms)
			LogAssemblyErrors (0ms)
			InitializePlatformSupportModulesInManaged (70ms)
			SetLoadedEditorAssemblies (16ms)
			RefreshPlugins (0ms)
			BeforeProcessingInitializeOnLoad (263ms)
			ProcessInitializeOnLoadAttributes (2214ms)
			ProcessInitializeOnLoadMethodAttributes (189ms)
			AfterProcessingInitializeOnLoad (5ms)
			EditorAssembliesLoaded (0ms)
		ExecutionOrderSort2 (0ms)
		AwakeInstancesAfterBackupRestoration (12ms)
Launched and connected shader compiler UnityShaderCompiler.exe after 0.26 seconds
Refreshing native plugins compatible for Editor in 76.62 ms, found 4 plugins.
Preloading 0 native plugins for Editor in 0.00 ms.
Unloading 4060 Unused Serialized files (Serialized files now loaded: 0)
Unloading 65 unused Assets / (61.7 KB). Loaded Objects now: 4523.
Memory consumption went from 150.7 MB to 150.6 MB.
Total: 89.153700 ms (FindLiveObjects: 14.394500 ms CreateObjectMapping: 0.524800 ms MarkObjects: 73.203700 ms  DeleteObjects: 1.027800 ms)

AssetImportParameters requested are different than current active one (requested -> active):
  custom:container-demuxer-ogg: 62fdf1f143b41e24485cea50d1cbac27 -> 
  custom:video-decoder-ogg-theora: a1e56fd34408186e4bbccfd4996cb3dc -> 
  custom:framework-win-MediaFoundation: 216162199b28c13a410421893ffa2e32 -> 
  custom:CustomObjectIndexerAttribute: 6d391050e5a25f67b0a2c618074f2cd9 -> 
  custom:container-demuxer-webm: 4f35f7cbe854078d1ac9338744f61a02 -> 
  custom:container-muxer-webm: aa71ff27fc2769a1b78a27578f13a17b -> 
  custom:video-decoder-webm-vp8: 9c59270c3fd7afecdb556c50c9e8de78 -> 
  custom:SearchIndexIgnoredProperties: e643bd26f0fe6173181afceb89e7c659 -> 
  custom:AudioImporter_EditorPlatform: d09bf68614088b80899f8185d706f6e7 -> 
  custom:video-encoder-webm-vp8: eb34c28f22e8b96e1ab97ce403110664 -> 
  custom:audio-decoder-ogg-vorbis: bf7c407c2cedff20999df2af8eb42d56 -> 
  custom:audio-encoder-webm-vorbis: bf7c407c2cedff20999df2af8eb42d56 -> 
========================================================================
Received Import Request.
  Time since last request: 1052256.375296 seconds.
  path: Assets/AStar 2D Grid Pathfinding/AStar/Needed Scripts/AStarPathfinding.cs
  artifactKey: Guid(e84348806b8575e46a0dc079d3684cec) Importer(815301076,1909f56bfc062723c751e8b465ee728b)
Start importing Assets/AStar 2D Grid Pathfinding/AStar/Needed Scripts/AStarPathfinding.cs using Guid(e84348806b8575e46a0dc079d3684cec) Importer(815301076,1909f56bfc062723c751e8b465ee728b)  -> (artifact id: 'f276e7baf21d954449d4c86b8fc20275') in 0.207614 seconds
Number of updated asset objects reloaded before import = 0
Number of asset objects unloaded after import = 0
========================================================================
Received Import Request.
  Time since last request: 0.000324 seconds.
  path: Assets/AStar 2D Grid Pathfinding/AStar
  artifactKey: Guid(45dc5039ab93ccf4680fc774298308b8) Importer(815301076,1909f56bfc062723c751e8b465ee728b)
Start importing Assets/AStar 2D Grid Pathfinding/AStar using Guid(45dc5039ab93ccf4680fc774298308b8) Importer(815301076,1909f56bfc062723c751e8b465ee728b)  -> (artifact id: '47eabcb46820595b726228133232e118') in 0.000472 seconds
Number of updated asset objects reloaded before import = 0
Number of asset objects unloaded after import = 0
========================================================================
Received Import Request.
  Time since last request: 17.114403 seconds.
  path: Assets/AStar 2D Grid Pathfinding/AStar/Needed Scripts/AStarCostMap.cs
  artifactKey: Guid(1028710b78a83544083ee55764863244) Importer(815301076,1909f56bfc062723c751e8b465ee728b)
Start importing Assets/AStar 2D Grid Pathfinding/AStar/Needed Scripts/AStarCostMap.cs using Guid(1028710b78a83544083ee55764863244) Importer(815301076,1909f56bfc062723c751e8b465ee728b)  -> (artifact id: '0aa172d330964240aa8e05c627815766') in 0.000698 seconds
Number of updated asset objects reloaded before import = 0
Number of asset objects unloaded after import = 0
========================================================================
Received Import Request.
  Time since last request: 6.561999 seconds.
  path: Assets/AStar 2D Grid Pathfinding/AStar/Needed Scripts/AStarBoolMap.cs
  artifactKey: Guid(b7dd2a86daa811f44b995c8c743aec1a) Importer(815301076,1909f56bfc062723c751e8b465ee728b)
Start importing Assets/AStar 2D Grid Pathfinding/AStar/Needed Scripts/AStarBoolMap.cs using Guid(b7dd2a86daa811f44b995c8c743aec1a) Importer(815301076,1909f56bfc062723c751e8b465ee728b)  -> (artifact id: '48602ed784242676fd3441493f96b5a2') in 0.000990 seconds
Number of updated asset objects reloaded before import = 0
Number of asset objects unloaded after import = 0
========================================================================
Received Import Request.
  Time since last request: 1.495463 seconds.
  path: Assets/AStar 2D Grid Pathfinding/AStar/Needed Scripts/DataStructures
  artifactKey: Guid(7dcfdada4f26c584690b92bb9423fc79) Importer(815301076,1909f56bfc062723c751e8b465ee728b)
Start importing Assets/AStar 2D Grid Pathfinding/AStar/Needed Scripts/DataStructures using Guid(7dcfdada4f26c584690b92bb9423fc79) Importer(815301076,1909f56bfc062723c751e8b465ee728b)  -> (artifact id: 'f33d60e2385028594b5cddbec374d102') in 0.000954 seconds
Number of updated asset objects reloaded before import = 0
Number of asset objects unloaded after import = 0
========================================================================
Received Import Request.
  Time since last request: 1.303125 seconds.
  path: Assets/AStar 2D Grid Pathfinding/AStar/Needed Scripts/DataStructures/Priority Queue
  artifactKey: Guid(2a5620ef369ed9e4e8309cf7745401f4) Importer(815301076,1909f56bfc062723c751e8b465ee728b)
Start importing Assets/AStar 2D Grid Pathfinding/AStar/Needed Scripts/DataStructures/Priority Queue using Guid(2a5620ef369ed9e4e8309cf7745401f4) Importer(815301076,1909f56bfc062723c751e8b465ee728b)  -> (artifact id: '877bd26f120395f0dd98cbe42ce388aa') in 0.001049 seconds
Number of updated asset objects reloaded before import = 0
Number of asset objects unloaded after import = 0
========================================================================
Received Import Request.
  Time since last request: 21.592246 seconds.
  path: Assets/AStar 2D Grid Pathfinding/AStar/Example 3
  artifactKey: Guid(64ea5a6378a50b543bfc0d6758f75e68) Importer(815301076,1909f56bfc062723c751e8b465ee728b)
Start importing Assets/AStar 2D Grid Pathfinding/AStar/Example 3 using Guid(64ea5a6378a50b543bfc0d6758f75e68) Importer(815301076,1909f56bfc062723c751e8b465ee728b)  -> (artifact id: '99ecb7cddda458982097ef3adb8fbf95') in 0.000821 seconds
Number of updated asset objects reloaded before import = 0
Number of asset objects unloaded after import = 0
========================================================================
Received Import Request.
  Time since last request: 1.300525 seconds.
  path: Assets/AStar 2D Grid Pathfinding/AStar/Example 3/Scripts
  artifactKey: Guid(66ea515033f1cd94fa24da5428e61a71) Importer(815301076,1909f56bfc062723c751e8b465ee728b)
Start importing Assets/AStar 2D Grid Pathfinding/AStar/Example 3/Scripts using Guid(66ea515033f1cd94fa24da5428e61a71) Importer(815301076,1909f56bfc062723c751e8b465ee728b)  -> (artifact id: '0d1b549711c371f6269cbe1ada171d6f') in 0.000968 seconds
Number of updated asset objects reloaded before import = 0
Number of asset objects unloaded after import = 0
========================================================================
Received Import Request.
  Time since last request: 26.821186 seconds.
  path: Assets/AStar 2D Grid Pathfinding/AStar/Example 3/Scripts/MinimalExample.cs
  artifactKey: Guid(f78ed6b375cc05341af89f80d6c06330) Importer(815301076,1909f56bfc062723c751e8b465ee728b)
Start importing Assets/AStar 2D Grid Pathfinding/AStar/Example 3/Scripts/MinimalExample.cs using Guid(f78ed6b375cc05341af89f80d6c06330) Importer(815301076,1909f56bfc062723c751e8b465ee728b)  -> (artifact id: 'fc3eb5e4a20d027d46cb4dfd613933af') in 0.000759 seconds
Number of updated asset objects reloaded before import = 0
Number of asset objects unloaded after import = 0
========================================================================
Received Import Request.
  Time since last request: 3.900874 seconds.
  path: Assets/AStar 2D Grid Pathfinding/AStar/Example 3/Scenes
  artifactKey: Guid(60ba31f59c2d0ae45bbef9f27f83cc31) Importer(815301076,1909f56bfc062723c751e8b465ee728b)
Start importing Assets/AStar 2D Grid Pathfinding/AStar/Example 3/Scenes using Guid(60ba31f59c2d0ae45bbef9f27f83cc31) Importer(815301076,1909f56bfc062723c751e8b465ee728b)  -> (artifact id: 'e3cac740f8fda4b3bca042bf9f81cb1c') in 0.001238 seconds
Number of updated asset objects reloaded before import = 0
Number of asset objects unloaded after import = 0
========================================================================
Received Import Request.
  Time since last request: 2.486194 seconds.
  path: Assets/AStar 2D Grid Pathfinding/AStar/Example 3/Scenes/Minimal Example.unity
  artifactKey: Guid(eddb16491fddbbf4c90210eb14f76fd3) Importer(815301076,1909f56bfc062723c751e8b465ee728b)
Start importing Assets/AStar 2D Grid Pathfinding/AStar/Example 3/Scenes/Minimal Example.unity using Guid(eddb16491fddbbf4c90210eb14f76fd3) Importer(815301076,1909f56bfc062723c751e8b465ee728b)  -> (artifact id: 'f7581ffb6d41a7991eb2a36a5f84e4ba') in 0.000512 seconds
Number of updated asset objects reloaded before import = 0
Number of asset objects unloaded after import = 0
========================================================================
Received Import Request.
  Time since last request: 24.145178 seconds.
  path: Assets/Scenes/SampleScene.unity
  artifactKey: Guid(2cda990e2423bbf4892e6590ba056729) Importer(815301076,1909f56bfc062723c751e8b465ee728b)
Start importing Assets/Scenes/SampleScene.unity using Guid(2cda990e2423bbf4892e6590ba056729) Importer(815301076,1909f56bfc062723c751e8b465ee728b)  -> (artifact id: '439c844beb427b666ed421eb85536c74') in 0.000535 seconds
Number of updated asset objects reloaded before import = 0
Number of asset objects unloaded after import = 0
========================================================================
Received Import Request.
  Time since last request: 44.412340 seconds.
  path: Assets/AStar 2D Grid Pathfinding/AStar/Example 1/Prefabs/Ant.prefab
  artifactKey: Guid(54f53c25cb4f1ea48a1c08824d609839) Importer(815301076,1909f56bfc062723c751e8b465ee728b)
Start importing Assets/AStar 2D Grid Pathfinding/AStar/Example 1/Prefabs/Ant.prefab using Guid(54f53c25cb4f1ea48a1c08824d609839) Importer(815301076,1909f56bfc062723c751e8b465ee728b)  -> (artifact id: '2ced80fc5cda046ac232662b24d0d8ef') in 0.346516 seconds
Number of updated asset objects reloaded before import = 0
Number of asset objects unloaded after import = 8
========================================================================
Received Import Request.
  Time since last request: 19.471599 seconds.
  path: Assets/AStar 2D Grid Pathfinding/AStar/Example 1/Scripts/randomPather.cs
  artifactKey: Guid(f8d08549d0ee2c24b907750dda5055e6) Importer(815301076,1909f56bfc062723c751e8b465ee728b)
Start importing Assets/AStar 2D Grid Pathfinding/AStar/Example 1/Scripts/randomPather.cs using Guid(f8d08549d0ee2c24b907750dda5055e6) Importer(815301076,1909f56bfc062723c751e8b465ee728b)  -> (artifact id: '1f42fbe4a97121f18366ebee2fc94643') in 0.000784 seconds
Number of updated asset objects reloaded before import = 0
Number of asset objects unloaded after import = 0
========================================================================
Received Prepare
Begin MonoManager ReloadAssembly
- Loaded All Assemblies, in  1.085 seconds
Refreshing native plugins compatible for Editor in 4.73 ms, found 4 plugins.
Native extension for WindowsStandalone target not found
Native extension for Android target not found
[Package Manager] Server::EnsureServerProcessIsRunning -- launch failed, reason: Unity was launched with the -noUpm command-line argument
[Package Manager] UpmClient::Send -- Unable to send message (not connected to UPM process).
[Package Manager] Cannot connect to Unity Package Manager local server
Mono: successfully reloaded assembly
- Finished resetting the current domain, in 18.230 seconds
Domain Reload Profiling: 19314ms
	BeginReloadAssembly (296ms)
		ExecutionOrderSort (0ms)
		DisableScriptedObjects (54ms)
		BackupInstance (0ms)
		ReleaseScriptingObjects (0ms)
		CreateAndSetChildDomain (63ms)
	RebuildCommonClasses (55ms)
	RebuildNativeTypeToScriptingClass (16ms)
	initialDomainReloadingComplete (75ms)
	LoadAllAssembliesAndSetupDomain (642ms)
		LoadAssemblies (759ms)
		RebuildTransferFunctionScriptingTraits (0ms)
		AnalyzeDomain (20ms)
			TypeCache.Refresh (10ms)
				TypeCache.ScanAssembly (0ms)
			ScanForSourceGeneratedMonoScriptInfo (0ms)
			ResolveRequiredComponents (9ms)
	FinalizeReload (18230ms)
		ReleaseScriptCaches (0ms)
		RebuildScriptCaches (0ms)
		SetupLoadedEditorAssemblies (945ms)
			LogAssemblyErrors (0ms)
			InitializePlatformSupportModulesInManaged (39ms)
			SetLoadedEditorAssemblies (6ms)
			RefreshPlugins (0ms)
			BeforeProcessingInitializeOnLoad (154ms)
			ProcessInitializeOnLoadAttributes (701ms)
			ProcessInitializeOnLoadMethodAttributes (42ms)
			AfterProcessingInitializeOnLoad (3ms)
			EditorAssembliesLoaded (0ms)
		ExecutionOrderSort2 (0ms)
		AwakeInstancesAfterBackupRestoration (16ms)
Refreshing native plugins compatible for Editor in 62.68 ms, found 4 plugins.
Preloading 0 native plugins for Editor in 0.00 ms.
Unloading 4047 Unused Serialized files (Serialized files now loaded: 0)
Unloading 37 unused Assets / (35.7 KB). Loaded Objects now: 4535.
Memory consumption went from 149.0 MB to 148.9 MB.
Total: 10.487100 ms (FindLiveObjects: 0.679500 ms CreateObjectMapping: 0.694800 ms MarkObjects: 8.935800 ms  DeleteObjects: 0.174700 ms)

Prepare: number of updated asset objects reloaded= 0
AssetImportParameters requested are different than current active one (requested -> active):
  custom:container-demuxer-ogg: 62fdf1f143b41e24485cea50d1cbac27 -> 
  custom:video-decoder-ogg-theora: a1e56fd34408186e4bbccfd4996cb3dc -> 
  custom:framework-win-MediaFoundation: 216162199b28c13a410421893ffa2e32 -> 
  custom:CustomObjectIndexerAttribute: 6d391050e5a25f67b0a2c618074f2cd9 -> 
  custom:container-demuxer-webm: 4f35f7cbe854078d1ac9338744f61a02 -> 
  custom:container-muxer-webm: aa71ff27fc2769a1b78a27578f13a17b -> 
  custom:video-decoder-webm-vp8: 9c59270c3fd7afecdb556c50c9e8de78 -> 
  custom:SearchIndexIgnoredProperties: e643bd26f0fe6173181afceb89e7c659 -> 
  custom:AudioImporter_EditorPlatform: d09bf68614088b80899f8185d706f6e7 -> 
  custom:video-encoder-webm-vp8: eb34c28f22e8b96e1ab97ce403110664 -> 
  custom:audio-decoder-ogg-vorbis: bf7c407c2cedff20999df2af8eb42d56 -> 
  custom:audio-encoder-webm-vorbis: bf7c407c2cedff20999df2af8eb42d56 -> 
========================================================================
Received Prepare
Begin MonoManager ReloadAssembly
- Loaded All Assemblies, in  0.879 seconds
Refreshing native plugins compatible for Editor in 3.45 ms, found 4 plugins.
Native extension for WindowsStandalone target not found
Native extension for Android target not found
[Package Manager] Server::EnsureServerProcessIsRunning -- launch failed, reason: Unity was launched with the -noUpm command-line argument
[Package Manager] UpmClient::Send -- Unable to send message (not connected to UPM process).
[Package Manager] Cannot connect to Unity Package Manager local server
Mono: successfully reloaded assembly
- Finished resetting the current domain, in  2.497 seconds
Domain Reload Profiling: 3374ms
	BeginReloadAssembly (417ms)
		ExecutionOrderSort (0ms)
		DisableScriptedObjects (41ms)
		BackupInstance (0ms)
		ReleaseScriptingObjects (0ms)
		CreateAndSetChildDomain (138ms)
	RebuildCommonClasses (44ms)
	RebuildNativeTypeToScriptingClass (19ms)
	initialDomainReloadingComplete (44ms)
	LoadAllAssembliesAndSetupDomain (352ms)
		LoadAssemblies (486ms)
		RebuildTransferFunctionScriptingTraits (0ms)
		AnalyzeDomain (35ms)
			TypeCache.Refresh (12ms)
				TypeCache.ScanAssembly (0ms)
			ScanForSourceGeneratedMonoScriptInfo (14ms)
			ResolveRequiredComponents (8ms)
	FinalizeReload (2498ms)
		ReleaseScriptCaches (0ms)
		RebuildScriptCaches (0ms)
		SetupLoadedEditorAssemblies (1170ms)
			LogAssemblyErrors (0ms)
			InitializePlatformSupportModulesInManaged (135ms)
			SetLoadedEditorAssemblies (20ms)
			RefreshPlugins (0ms)
			BeforeProcessingInitializeOnLoad (171ms)
			ProcessInitializeOnLoadAttributes (790ms)
			ProcessInitializeOnLoadMethodAttributes (50ms)
			AfterProcessingInitializeOnLoad (3ms)
			EditorAssembliesLoaded (0ms)
		ExecutionOrderSort2 (0ms)
		AwakeInstancesAfterBackupRestoration (17ms)
Refreshing native plugins compatible for Editor in 3.33 ms, found 4 plugins.
Preloading 0 native plugins for Editor in 0.00 ms.
Unloading 4026 Unused Serialized files (Serialized files now loaded: 0)
Unloading 49 unused Assets / (42.0 KB). Loaded Objects now: 4526.
Memory consumption went from 150.8 MB to 150.7 MB.
Total: 4.890300 ms (FindLiveObjects: 0.350200 ms CreateObjectMapping: 0.321000 ms MarkObjects: 4.139600 ms  DeleteObjects: 0.078500 ms)

Prepare: number of updated asset objects reloaded= 0
AssetImportParameters requested are different than current active one (requested -> active):
  custom:container-demuxer-ogg: 62fdf1f143b41e24485cea50d1cbac27 -> 
  custom:video-decoder-ogg-theora: a1e56fd34408186e4bbccfd4996cb3dc -> 
  custom:framework-win-MediaFoundation: 216162199b28c13a410421893ffa2e32 -> 
  custom:CustomObjectIndexerAttribute: 6d391050e5a25f67b0a2c618074f2cd9 -> 
  custom:container-demuxer-webm: 4f35f7cbe854078d1ac9338744f61a02 -> 
  custom:container-muxer-webm: aa71ff27fc2769a1b78a27578f13a17b -> 
  custom:video-decoder-webm-vp8: 9c59270c3fd7afecdb556c50c9e8de78 -> 
  custom:SearchIndexIgnoredProperties: e643bd26f0fe6173181afceb89e7c659 -> 
  custom:AudioImporter_EditorPlatform: d09bf68614088b80899f8185d706f6e7 -> 
  custom:video-encoder-webm-vp8: eb34c28f22e8b96e1ab97ce403110664 -> 
  custom:audio-decoder-ogg-vorbis: bf7c407c2cedff20999df2af8eb42d56 -> 
  custom:audio-encoder-webm-vorbis: bf7c407c2cedff20999df2af8eb42d56 -> 
